<?xml version="1.0" encoding="UTF-8"?>
<testng-results skipped="0" failed="0" ignored="0" total="1" passed="1">
  <reporter-output>
  </reporter-output>
  <suite name="Suite" duration-ms="42287" started-at="2018-04-08T06:10:25Z" finished-at="2018-04-08T06:11:07Z">
    <groups>
    </groups>
    <test name="Test" duration-ms="42287" started-at="2018-04-08T06:10:25Z" finished-at="2018-04-08T06:11:07Z">
      <class name="Test.LoginTest">
        <test-method status="PASS" signature="loginTest()[pri:0, instance:Test.LoginTest@6e1ec318]" name="loginTest" duration-ms="42268" started-at="2018-04-08T06:10:25Z" finished-at="2018-04-08T06:11:07Z">
          <reporter-output>
          </reporter-output>
        </test-method> <!-- loginTest -->
      </class> <!-- Test.LoginTest -->
    </test> <!-- Test -->
  </suite> <!-- Suite -->
</testng-results>
